# JRE version: Java(TM) SE Runtime Environment (8.0_60-b27) (build 1.8.0_60-b27)
# Java VM: Java HotSpot(TM) 64-Bit Server VM (25.60-b23 mixed mode windows-amd64 compressed oops)
Heap:
 PSYoungGen      total 232960K, used 104171K [0x00000000eab00000, 0x0000000100000000, 0x0000000100000000)
  eden space 116736K, 89% used [0x00000000eab00000,0x00000000f10bac70,0x00000000f1d00000)
  from space 116224K, 0% used [0x00000000f8e80000,0x00000000f8e80000,0x0000000100000000)
  to   space 116224K, 0% used [0x00000000f1d00000,0x00000000f1d00000,0x00000000f8e80000)
 ParOldGen       total 567296K, used 289260K [0x00000000c0000000, 0x00000000e2a00000, 0x00000000eab00000)
  object space 567296K, 50% used [0x00000000c0000000,0x00000000d1a7b2d0,0x00000000e2a00000)
 Metaspace       used 6455K, capacity 7256K, committed 7424K, reserved 1056768K
  class space    used 616K, capacity 656K, committed 768K, reserved 1048576K
GC Heap History (10 events):
Event: 63.880 GC heap before
{Heap before GC invocations=16 (full 3):
 PSYoungGen      total 234496K, used 133044K [0x00000000eab00000, 0x0000000100000000, 0x0000000100000000)
  eden space 118272K, 100% used [0x00000000eab00000,0x00000000f1e80000,0x00000000f1e80000)
  from space 116224K, 12% used [0x00000000f8e80000,0x00000000f9ced080,0x0000000100000000)
  to   space 114688K, 0% used [0x00000000f1e80000,0x00000000f1e80000,0x00000000f8e80000)
 ParOldGen       total 406016K, used 204128K [0x00000000c0000000, 0x00000000d8c80000, 0x00000000eab00000)
  object space 406016K, 50% used [0x00000000c0000000,0x00000000cc7580b0,0x00000000d8c80000)
 Metaspace       used 6398K, capacity 7256K, committed 7424K, reserved 1056768K
  class space    used 610K, capacity 656K, committed 768K, reserved 1048576K
Event: 64.861 GC heap after
Heap after GC invocations=16 (full 3):
 PSYoungGen      total 177152K, used 58741K [0x00000000eab00000, 0x00000000ffc80000, 0x0000000100000000)
  eden space 118272K, 0% used [0x00000000eab00000,0x00000000eab00000,0x00000000f1e80000)
  from space 58880K, 99% used [0x00000000f1e80000,0x00000000f57dd6d8,0x00000000f5800000)
  to   space 113664K, 0% used [0x00000000f8d80000,0x00000000f8d80000,0x00000000ffc80000)
 ParOldGen       total 406016K, used 204136K [0x00000000c0000000, 0x00000000d8c80000, 0x00000000eab00000)
  object space 406016K, 50% used [0x00000000c0000000,0x00000000cc75a0b0,0x00000000d8c80000)
 Metaspace       used 6398K, capacity 7256K, committed 7424K, reserved 1056768K
  class space    used 610K, capacity 656K, committed 768K, reserved 1048576K
}
Event: 65.619 GC heap before
{Heap before GC invocations=17 (full 3):
 PSYoungGen      total 177152K, used 177013K [0x00000000eab00000, 0x00000000ffc80000, 0x0000000100000000)
  eden space 118272K, 100% used [0x00000000eab00000,0x00000000f1e80000,0x00000000f1e80000)
  from space 58880K, 99% used [0x00000000f1e80000,0x00000000f57dd6d8,0x00000000f5800000)
  to   space 113664K, 0% used [0x00000000f8d80000,0x00000000f8d80000,0x00000000ffc80000)
 ParOldGen       total 406016K, used 204136K [0x00000000c0000000, 0x00000000d8c80000, 0x00000000eab00000)
  object space 406016K, 50% used [0x00000000c0000000,0x00000000cc75a0b0,0x00000000d8c80000)
 Metaspace       used 6398K, capacity 7256K, committed 7424K, reserved 1056768K
  class space    used 610K, capacity 656K, committed 768K, reserved 1048576K
Event: 65.945 GC heap after
Heap after GC invocations=17 (full 3):
 PSYoungGen      total 229376K, used 113651K [0x00000000eab00000, 0x0000000100000000, 0x0000000100000000)
  eden space 115712K, 0% used [0x00000000eab00000,0x00000000eab00000,0x00000000f1c00000)
  from space 113664K, 99% used [0x00000000f8d80000,0x00000000ffc7ce08,0x00000000ffc80000)
  to   space 116224K, 0% used [0x00000000f1c00000,0x00000000f1c00000,0x00000000f8d80000)
 ParOldGen       total 406016K, used 216232K [0x00000000c0000000, 0x00000000d8c80000, 0x00000000eab00000)
  object space 406016K, 53% used [0x00000000c0000000,0x00000000cd32a0b0,0x00000000d8c80000)
 Metaspace       used 6398K, capacity 7256K, committed 7424K, reserved 1056768K
  class space    used 610K, capacity 656K, committed 768K, reserved 1048576K
}
Event: 66.201 GC heap before
{Heap before GC invocations=18 (full 3):
 PSYoungGen      total 229376K, used 229363K [0x00000000eab00000, 0x0000000100000000, 0x0000000100000000)
  eden space 115712K, 100% used [0x00000000eab00000,0x00000000f1c00000,0x00000000f1c00000)
  from space 113664K, 99% used [0x00000000f8d80000,0x00000000ffc7ce08,0x00000000ffc80000)
  to   space 116224K, 0% used [0x00000000f1c00000,0x00000000f1c00000,0x00000000f8d80000)
 ParOldGen       total 406016K, used 216232K [0x00000000c0000000, 0x00000000d8c80000, 0x00000000eab00000)
  object space 406016K, 53% used [0x00000000c0000000,0x00000000cd32a0b0,0x00000000d8c80000)
 Metaspace       used 6398K, capacity 7256K, committed 7424K, reserved 1056768K
  class space    used 610K, capacity 656K, committed 768K, reserved 1048576K
Event: 66.638 GC heap after
Heap after GC invocations=18 (full 3):
 PSYoungGen      total 231936K, used 116203K [0x00000000eab00000, 0x0000000100000000, 0x0000000100000000)
  eden space 115712K, 0% used [0x00000000eab00000,0x00000000eab00000,0x00000000f1c00000)
  from space 116224K, 99% used [0x00000000f1c00000,0x00000000f8d7ac08,0x00000000f8d80000)
  to   space 116224K, 0% used [0x00000000f8e80000,0x00000000f8e80000,0x0000000100000000)
 ParOldGen       total 406016K, used 277136K [0x00000000c0000000, 0x00000000d8c80000, 0x00000000eab00000)
  object space 406016K, 68% used [0x00000000c0000000,0x00000000d0ea4350,0x00000000d8c80000)
 Metaspace       used 6398K, capacity 7256K, committed 7424K, reserved 1056768K
  class space    used 610K, capacity 656K, committed 768K, reserved 1048576K
}
Event: 67.886 GC heap before
{Heap before GC invocations=19 (full 3):
 PSYoungGen      total 231936K, used 231915K [0x00000000eab00000, 0x0000000100000000, 0x0000000100000000)
  eden space 115712K, 100% used [0x00000000eab00000,0x00000000f1c00000,0x00000000f1c00000)
  from space 116224K, 99% used [0x00000000f1c00000,0x00000000f8d7ac08,0x00000000f8d80000)
  to   space 116224K, 0% used [0x00000000f8e80000,0x00000000f8e80000,0x0000000100000000)
 ParOldGen       total 406016K, used 277136K [0x00000000c0000000, 0x00000000d8c80000, 0x00000000eab00000)
  object space 406016K, 68% used [0x00000000c0000000,0x00000000d0ea4350,0x00000000d8c80000)
 Metaspace       used 6398K, capacity 7256K, committed 7424K, reserved 1056768K
  class space    used 610K, capacity 656K, committed 768K, reserved 1048576K
Event: 68.902 GC heap after
Heap after GC invocations=19 (full 3):
 PSYoungGen      total 232960K, used 22841K [0x00000000eab00000, 0x0000000100000000, 0x0000000100000000)
  eden space 116736K, 0% used [0x00000000eab00000,0x00000000eab00000,0x00000000f1d00000)
  from space 116224K, 19% used [0x00000000f8e80000,0x00000000fa4ce530,0x0000000100000000)
  to   space 116224K, 0% used [0x00000000f1d00000,0x00000000f1d00000,0x00000000f8e80000)
 ParOldGen       total 406016K, used 396832K [0x00000000c0000000, 0x00000000d8c80000, 0x00000000eab00000)
  object space 406016K, 97% used [0x00000000c0000000,0x00000000d8388358,0x00000000d8c80000)
 Metaspace       used 6398K, capacity 7256K, committed 7424K, reserved 1056768K
  class space    used 610K, capacity 656K, committed 768K, reserved 1048576K
}
Event: 68.902 GC heap before
{Heap before GC invocations=20 (full 4):
 PSYoungGen      total 232960K, used 22841K [0x00000000eab00000, 0x0000000100000000, 0x0000000100000000)
  eden space 116736K, 0% used [0x00000000eab00000,0x00000000eab00000,0x00000000f1d00000)
  from space 116224K, 19% used [0x00000000f8e80000,0x00000000fa4ce530,0x0000000100000000)
  to   space 116224K, 0% used [0x00000000f1d00000,0x00000000f1d00000,0x00000000f8e80000)
 ParOldGen       total 406016K, used 396832K [0x00000000c0000000, 0x00000000d8c80000, 0x00000000eab00000)
  object space 406016K, 97% used [0x00000000c0000000,0x00000000d8388358,0x00000000d8c80000)
 Metaspace       used 6398K, capacity 7256K, committed 7424K, reserved 1056768K
  class space    used 610K, capacity 656K, committed 768K, reserved 1048576K
Event: 73.296 GC heap after
Heap after GC invocations=20 (full 4):
 PSYoungGen      total 232960K, used 0K [0x00000000eab00000, 0x0000000100000000, 0x0000000100000000)
  eden space 116736K, 0% used [0x00000000eab00000,0x00000000eab00000,0x00000000f1d00000)
  from space 116224K, 0% used [0x00000000f8e80000,0x00000000f8e80000,0x0000000100000000)
  to   space 116224K, 0% used [0x00000000f1d00000,0x00000000f1d00000,0x00000000f8e80000)
 ParOldGen       total 567296K, used 289260K [0x00000000c0000000, 0x00000000e2a00000, 0x00000000eab00000)
  object space 567296K, 50% used [0x00000000c0000000,0x00000000d1a7b2d0,0x00000000e2a00000)
 Metaspace       used 6398K, capacity 7256K, committed 7424K, reserved 1056768K
  class space    used 610K, capacity 656K, committed 768K, reserved 1048576K
}

