# JRE version: Java(TM) SE Runtime Environment (8.0_60-b27) (build 1.8.0_60-b27)
# Java VM: Java HotSpot(TM) 64-Bit Server VM (25.60-b23 mixed mode windows-amd64 compressed oops)
Heap:
 PSYoungGen      total 316416K, used 178795K [0x00000000eab00000, 0x0000000100000000, 0x0000000100000000)
  eden space 288768K, 52% used [0x00000000eab00000,0x00000000f3eba368,0x00000000fc500000)
  from space 27648K, 99% used [0x00000000fc500000,0x00000000fdfe08d0,0x00000000fe000000)
  to   space 32768K, 0% used [0x00000000fe000000,0x00000000fe000000,0x0000000100000000)
 ParOldGen       total 87552K, used 48842K [0x00000000c0000000, 0x00000000c5580000, 0x00000000eab00000)
  object space 87552K, 55% used [0x00000000c0000000,0x00000000c2fb2b60,0x00000000c5580000)
 Metaspace       used 8428K, capacity 8504K, committed 8576K, reserved 1056768K
  class space    used 796K, capacity 851K, committed 896K, reserved 1048576K
GC Heap History (10 events):
Event: 5.842 GC heap before
{Heap before GC invocations=5 (full 0):
 PSYoungGen      total 138240K, used 138236K [0x00000000eab00000, 0x00000000f3700000, 0x0000000100000000)
  eden space 133120K, 100% used [0x00000000eab00000,0x00000000f2d00000,0x00000000f2d00000)
  from space 5120K, 99% used [0x00000000f3200000,0x00000000f36ff100,0x00000000f3700000)
  to   space 5120K, 0% used [0x00000000f2d00000,0x00000000f2d00000,0x00000000f3200000)
 ParOldGen       total 87552K, used 23679K [0x00000000c0000000, 0x00000000c5580000, 0x00000000eab00000)
  object space 87552K, 27% used [0x00000000c0000000,0x00000000c171fcf0,0x00000000c5580000)
 Metaspace       used 8379K, capacity 8504K, committed 8576K, reserved 1056768K
  class space    used 796K, capacity 851K, committed 896K, reserved 1048576K
Event: 5.926 GC heap after
Heap after GC invocations=5 (full 0):
 PSYoungGen      total 138240K, used 5115K [0x00000000eab00000, 0x00000000fdf00000, 0x0000000100000000)
  eden space 133120K, 0% used [0x00000000eab00000,0x00000000eab00000,0x00000000f2d00000)
  from space 5120K, 99% used [0x00000000f2d00000,0x00000000f31fee68,0x00000000f3200000)
  to   space 24576K, 0% used [0x00000000fc700000,0x00000000fc700000,0x00000000fdf00000)
 ParOldGen       total 87552K, used 39181K [0x00000000c0000000, 0x00000000c5580000, 0x00000000eab00000)
  object space 87552K, 44% used [0x00000000c0000000,0x00000000c2643540,0x00000000c5580000)
 Metaspace       used 8379K, capacity 8504K, committed 8576K, reserved 1056768K
  class space    used 796K, capacity 851K, committed 896K, reserved 1048576K
}
Event: 6.465 GC heap before
{Heap before GC invocations=6 (full 0):
 PSYoungGen      total 138240K, used 138235K [0x00000000eab00000, 0x00000000fdf00000, 0x0000000100000000)
  eden space 133120K, 100% used [0x00000000eab00000,0x00000000f2d00000,0x00000000f2d00000)
  from space 5120K, 99% used [0x00000000f2d00000,0x00000000f31fee68,0x00000000f3200000)
  to   space 24576K, 0% used [0x00000000fc700000,0x00000000fc700000,0x00000000fdf00000)
 ParOldGen       total 87552K, used 39181K [0x00000000c0000000, 0x00000000c5580000, 0x00000000eab00000)
  object space 87552K, 44% used [0x00000000c0000000,0x00000000c2643540,0x00000000c5580000)
 Metaspace       used 8391K, capacity 8504K, committed 8576K, reserved 1056768K
  class space    used 796K, capacity 851K, committed 896K, reserved 1048576K
Event: 6.516 GC heap after
Heap after GC invocations=6 (full 0):
 PSYoungGen      total 287744K, used 21427K [0x00000000eab00000, 0x00000000fe500000, 0x0000000100000000)
  eden space 263168K, 0% used [0x00000000eab00000,0x00000000eab00000,0x00000000fac00000)
  from space 24576K, 87% used [0x00000000fc700000,0x00000000fdbecd30,0x00000000fdf00000)
  to   space 27648K, 0% used [0x00000000fac00000,0x00000000fac00000,0x00000000fc700000)
 ParOldGen       total 87552K, used 39181K [0x00000000c0000000, 0x00000000c5580000, 0x00000000eab00000)
  object space 87552K, 44% used [0x00000000c0000000,0x00000000c2643540,0x00000000c5580000)
 Metaspace       used 8391K, capacity 8504K, committed 8576K, reserved 1056768K
  class space    used 796K, capacity 851K, committed 896K, reserved 1048576K
}
Event: 7.355 GC heap before
{Heap before GC invocations=7 (full 0):
 PSYoungGen      total 287744K, used 281484K [0x00000000eab00000, 0x00000000fe500000, 0x0000000100000000)
  eden space 263168K, 98% used [0x00000000eab00000,0x00000000fa8f64f0,0x00000000fac00000)
  from space 24576K, 87% used [0x00000000fc700000,0x00000000fdbecd30,0x00000000fdf00000)
  to   space 27648K, 0% used [0x00000000fac00000,0x00000000fac00000,0x00000000fc700000)
 ParOldGen       total 87552K, used 39181K [0x00000000c0000000, 0x00000000c5580000, 0x00000000eab00000)
  object space 87552K, 44% used [0x00000000c0000000,0x00000000c2643540,0x00000000c5580000)
 Metaspace       used 8397K, capacity 8504K, committed 8576K, reserved 1056768K
  class space    used 796K, capacity 851K, committed 896K, reserved 1048576K
Event: 7.378 GC heap after
Heap after GC invocations=7 (full 0):
 PSYoungGen      total 290816K, used 8415K [0x00000000eab00000, 0x0000000100000000, 0x0000000100000000)
  eden space 263168K, 0% used [0x00000000eab00000,0x00000000eab00000,0x00000000fac00000)
  from space 27648K, 30% used [0x00000000fac00000,0x00000000fb437d18,0x00000000fc700000)
  to   space 27136K, 0% used [0x00000000fe580000,0x00000000fe580000,0x0000000100000000)
 ParOldGen       total 87552K, used 42389K [0x00000000c0000000, 0x00000000c5580000, 0x00000000eab00000)
  object space 87552K, 48% used [0x00000000c0000000,0x00000000c2965738,0x00000000c5580000)
 Metaspace       used 8397K, capacity 8504K, committed 8576K, reserved 1056768K
  class space    used 796K, capacity 851K, committed 896K, reserved 1048576K
}
Event: 8.371 GC heap before
{Heap before GC invocations=8 (full 0):
 PSYoungGen      total 290816K, used 271583K [0x00000000eab00000, 0x0000000100000000, 0x0000000100000000)
  eden space 263168K, 100% used [0x00000000eab00000,0x00000000fac00000,0x00000000fac00000)
  from space 27648K, 30% used [0x00000000fac00000,0x00000000fb437d18,0x00000000fc700000)
  to   space 27136K, 0% used [0x00000000fe580000,0x00000000fe580000,0x0000000100000000)
 ParOldGen       total 87552K, used 42389K [0x00000000c0000000, 0x00000000c5580000, 0x00000000eab00000)
  object space 87552K, 48% used [0x00000000c0000000,0x00000000c2965738,0x00000000c5580000)
 Metaspace       used 8417K, capacity 8504K, committed 8576K, reserved 1056768K
  class space    used 796K, capacity 851K, committed 896K, reserved 1048576K
Event: 8.409 GC heap after
Heap after GC invocations=8 (full 0):
 PSYoungGen      total 315904K, used 24365K [0x00000000eab00000, 0x0000000100000000, 0x0000000100000000)
  eden space 288768K, 0% used [0x00000000eab00000,0x00000000eab00000,0x00000000fc500000)
  from space 27136K, 89% used [0x00000000fe580000,0x00000000ffd4b498,0x0000000100000000)
  to   space 30208K, 0% used [0x00000000fc500000,0x00000000fc500000,0x00000000fe280000)
 ParOldGen       total 87552K, used 48802K [0x00000000c0000000, 0x00000000c5580000, 0x00000000eab00000)
  object space 87552K, 55% used [0x00000000c0000000,0x00000000c2fa8b60,0x00000000c5580000)
 Metaspace       used 8417K, capacity 8504K, committed 8576K, reserved 1056768K
  class space    used 796K, capacity 851K, committed 896K, reserved 1048576K
}
Event: 9.159 GC heap before
{Heap before GC invocations=9 (full 0):
 PSYoungGen      total 315904K, used 313133K [0x00000000eab00000, 0x0000000100000000, 0x0000000100000000)
  eden space 288768K, 100% used [0x00000000eab00000,0x00000000fc500000,0x00000000fc500000)
  from space 27136K, 89% used [0x00000000fe580000,0x00000000ffd4b498,0x0000000100000000)
  to   space 30208K, 0% used [0x00000000fc500000,0x00000000fc500000,0x00000000fe280000)
 ParOldGen       total 87552K, used 48802K [0x00000000c0000000, 0x00000000c5580000, 0x00000000eab00000)
  object space 87552K, 55% used [0x00000000c0000000,0x00000000c2fa8b60,0x00000000c5580000)
 Metaspace       used 8427K, capacity 8504K, committed 8576K, reserved 1056768K
  class space    used 796K, capacity 851K, committed 896K, reserved 1048576K
Event: 9.195 GC heap after
Heap after GC invocations=9 (full 0):
 PSYoungGen      total 316416K, used 27522K [0x00000000eab00000, 0x0000000100000000, 0x0000000100000000)
  eden space 288768K, 0% used [0x00000000eab00000,0x00000000eab00000,0x00000000fc500000)
  from space 27648K, 99% used [0x00000000fc500000,0x00000000fdfe08d0,0x00000000fe000000)
  to   space 32768K, 0% used [0x00000000fe000000,0x00000000fe000000,0x0000000100000000)
 ParOldGen       total 87552K, used 48842K [0x00000000c0000000, 0x00000000c5580000, 0x00000000eab00000)
  object space 87552K, 55% used [0x00000000c0000000,0x00000000c2fb2b60,0x00000000c5580000)
 Metaspace       used 8427K, capacity 8504K, committed 8576K, reserved 1056768K
  class space    used 796K, capacity 851K, committed 896K, reserved 1048576K
}

