# JRE version: Java(TM) SE Runtime Environment (8.0_60-b27) (build 1.8.0_60-b27)
# Java VM: Java HotSpot(TM) 64-Bit Server VM (25.60-b23 mixed mode windows-amd64 compressed oops)
Heap:
 PSYoungGen      total 322560K, used 136840K [0x00000000eab00000, 0x0000000100000000, 0x0000000100000000)
  eden space 303104K, 38% used [0x00000000eab00000,0x00000000f1db9bf8,0x00000000fd300000)
  from space 19456K, 99% used [0x00000000fd300000,0x00000000fe5e8770,0x00000000fe600000)
  to   space 24064K, 0% used [0x00000000fe880000,0x00000000fe880000,0x0000000100000000)
 ParOldGen       total 87552K, used 62231K [0x00000000c0000000, 0x00000000c5580000, 0x00000000eab00000)
  object space 87552K, 71% used [0x00000000c0000000,0x00000000c3cc5cd8,0x00000000c5580000)
 Metaspace       used 8401K, capacity 8504K, committed 8576K, reserved 1056768K
  class space    used 796K, capacity 851K, committed 896K, reserved 1048576K
GC Heap History (10 events):
Event: 4.310 GC heap before
{Heap before GC invocations=5 (full 0):
 PSYoungGen      total 138240K, used 138221K [0x00000000eab00000, 0x00000000f3700000, 0x0000000100000000)
  eden space 133120K, 100% used [0x00000000eab00000,0x00000000f2d00000,0x00000000f2d00000)
  from space 5120K, 99% used [0x00000000f3200000,0x00000000f36fb768,0x00000000f3700000)
  to   space 5120K, 0% used [0x00000000f2d00000,0x00000000f2d00000,0x00000000f3200000)
 ParOldGen       total 87552K, used 26981K [0x00000000c0000000, 0x00000000c5580000, 0x00000000eab00000)
  object space 87552K, 30% used [0x00000000c0000000,0x00000000c1a59498,0x00000000c5580000)
 Metaspace       used 8355K, capacity 8504K, committed 8576K, reserved 1056768K
  class space    used 796K, capacity 851K, committed 896K, reserved 1048576K
Event: 4.360 GC heap after
Heap after GC invocations=5 (full 0):
 PSYoungGen      total 138240K, used 5115K [0x00000000eab00000, 0x00000000fd100000, 0x0000000100000000)
  eden space 133120K, 0% used [0x00000000eab00000,0x00000000eab00000,0x00000000f2d00000)
  from space 5120K, 99% used [0x00000000f2d00000,0x00000000f31fecd0,0x00000000f3200000)
  to   space 17408K, 0% used [0x00000000fc000000,0x00000000fc000000,0x00000000fd100000)
 ParOldGen       total 87552K, used 33830K [0x00000000c0000000, 0x00000000c5580000, 0x00000000eab00000)
  object space 87552K, 38% used [0x00000000c0000000,0x00000000c2109988,0x00000000c5580000)
 Metaspace       used 8355K, capacity 8504K, committed 8576K, reserved 1056768K
  class space    used 796K, capacity 851K, committed 896K, reserved 1048576K
}
Event: 4.693 GC heap before
{Heap before GC invocations=6 (full 0):
 PSYoungGen      total 138240K, used 138235K [0x00000000eab00000, 0x00000000fd100000, 0x0000000100000000)
  eden space 133120K, 100% used [0x00000000eab00000,0x00000000f2d00000,0x00000000f2d00000)
  from space 5120K, 99% used [0x00000000f2d00000,0x00000000f31fecd0,0x00000000f3200000)
  to   space 17408K, 0% used [0x00000000fc000000,0x00000000fc000000,0x00000000fd100000)
 ParOldGen       total 87552K, used 33830K [0x00000000c0000000, 0x00000000c5580000, 0x00000000eab00000)
  object space 87552K, 38% used [0x00000000c0000000,0x00000000c2109988,0x00000000c5580000)
 Metaspace       used 8363K, capacity 8504K, committed 8576K, reserved 1056768K
  class space    used 796K, capacity 851K, committed 896K, reserved 1048576K
Event: 4.772 GC heap after
Heap after GC invocations=6 (full 0):
 PSYoungGen      total 281600K, used 17100K [0x00000000eab00000, 0x00000000fd500000, 0x0000000100000000)
  eden space 264192K, 0% used [0x00000000eab00000,0x00000000eab00000,0x00000000fad00000)
  from space 17408K, 98% used [0x00000000fc000000,0x00000000fd0b33c8,0x00000000fd100000)
  to   space 19456K, 0% used [0x00000000fad00000,0x00000000fad00000,0x00000000fc000000)
 ParOldGen       total 87552K, used 33838K [0x00000000c0000000, 0x00000000c5580000, 0x00000000eab00000)
  object space 87552K, 38% used [0x00000000c0000000,0x00000000c210b988,0x00000000c5580000)
 Metaspace       used 8363K, capacity 8504K, committed 8576K, reserved 1056768K
  class space    used 796K, capacity 851K, committed 896K, reserved 1048576K
}
Event: 5.572 GC heap before
{Heap before GC invocations=7 (full 0):
 PSYoungGen      total 281600K, used 281292K [0x00000000eab00000, 0x00000000fd500000, 0x0000000100000000)
  eden space 264192K, 100% used [0x00000000eab00000,0x00000000fad00000,0x00000000fad00000)
  from space 17408K, 98% used [0x00000000fc000000,0x00000000fd0b33c8,0x00000000fd100000)
  to   space 19456K, 0% used [0x00000000fad00000,0x00000000fad00000,0x00000000fc000000)
 ParOldGen       total 87552K, used 33838K [0x00000000c0000000, 0x00000000c5580000, 0x00000000eab00000)
  object space 87552K, 38% used [0x00000000c0000000,0x00000000c210b988,0x00000000c5580000)
 Metaspace       used 8371K, capacity 8504K, committed 8576K, reserved 1056768K
  class space    used 796K, capacity 851K, committed 896K, reserved 1048576K
Event: 5.640 GC heap after
Heap after GC invocations=7 (full 0):
 PSYoungGen      total 283648K, used 19022K [0x00000000eab00000, 0x0000000100000000, 0x0000000100000000)
  eden space 264192K, 0% used [0x00000000eab00000,0x00000000eab00000,0x00000000fad00000)
  from space 19456K, 97% used [0x00000000fad00000,0x00000000fbf939f0,0x00000000fc000000)
  to   space 21504K, 0% used [0x00000000feb00000,0x00000000feb00000,0x0000000100000000)
 ParOldGen       total 87552K, used 37942K [0x00000000c0000000, 0x00000000c5580000, 0x00000000eab00000)
  object space 87552K, 43% used [0x00000000c0000000,0x00000000c250dba8,0x00000000c5580000)
 Metaspace       used 8371K, capacity 8504K, committed 8576K, reserved 1056768K
  class space    used 796K, capacity 851K, committed 896K, reserved 1048576K
}
Event: 6.301 GC heap before
{Heap before GC invocations=8 (full 0):
 PSYoungGen      total 283648K, used 283214K [0x00000000eab00000, 0x0000000100000000, 0x0000000100000000)
  eden space 264192K, 100% used [0x00000000eab00000,0x00000000fad00000,0x00000000fad00000)
  from space 19456K, 97% used [0x00000000fad00000,0x00000000fbf939f0,0x00000000fc000000)
  to   space 21504K, 0% used [0x00000000feb00000,0x00000000feb00000,0x0000000100000000)
 ParOldGen       total 87552K, used 37942K [0x00000000c0000000, 0x00000000c5580000, 0x00000000eab00000)
  object space 87552K, 43% used [0x00000000c0000000,0x00000000c250dba8,0x00000000c5580000)
 Metaspace       used 8392K, capacity 8504K, committed 8576K, reserved 1056768K
  class space    used 796K, capacity 851K, committed 896K, reserved 1048576K
Event: 6.360 GC heap after
Heap after GC invocations=8 (full 0):
 PSYoungGen      total 324608K, used 19098K [0x00000000eab00000, 0x0000000100000000, 0x0000000100000000)
  eden space 303104K, 0% used [0x00000000eab00000,0x00000000eab00000,0x00000000fd300000)
  from space 21504K, 88% used [0x00000000feb00000,0x00000000ffda6850,0x0000000100000000)
  to   space 23040K, 0% used [0x00000000fd300000,0x00000000fd300000,0x00000000fe980000)
 ParOldGen       total 87552K, used 39483K [0x00000000c0000000, 0x00000000c5580000, 0x00000000eab00000)
  object space 87552K, 45% used [0x00000000c0000000,0x00000000c268ec40,0x00000000c5580000)
 Metaspace       used 8392K, capacity 8504K, committed 8576K, reserved 1056768K
  class space    used 796K, capacity 851K, committed 896K, reserved 1048576K
}
Event: 6.988 GC heap before
{Heap before GC invocations=9 (full 0):
 PSYoungGen      total 324608K, used 322202K [0x00000000eab00000, 0x0000000100000000, 0x0000000100000000)
  eden space 303104K, 100% used [0x00000000eab00000,0x00000000fd300000,0x00000000fd300000)
  from space 21504K, 88% used [0x00000000feb00000,0x00000000ffda6850,0x0000000100000000)
  to   space 23040K, 0% used [0x00000000fd300000,0x00000000fd300000,0x00000000fe980000)
 ParOldGen       total 87552K, used 39483K [0x00000000c0000000, 0x00000000c5580000, 0x00000000eab00000)
  object space 87552K, 45% used [0x00000000c0000000,0x00000000c268ec40,0x00000000c5580000)
 Metaspace       used 8400K, capacity 8504K, committed 8576K, reserved 1056768K
  class space    used 796K, capacity 851K, committed 896K, reserved 1048576K
Event: 7.113 GC heap after
Heap after GC invocations=9 (full 0):
 PSYoungGen      total 322560K, used 19361K [0x00000000eab00000, 0x0000000100000000, 0x0000000100000000)
  eden space 303104K, 0% used [0x00000000eab00000,0x00000000eab00000,0x00000000fd300000)
  from space 19456K, 99% used [0x00000000fd300000,0x00000000fe5e8770,0x00000000fe600000)
  to   space 24064K, 0% used [0x00000000fe880000,0x00000000fe880000,0x0000000100000000)
 ParOldGen       total 87552K, used 62231K [0x00000000c0000000, 0x00000000c5580000, 0x00000000eab00000)
  object space 87552K, 71% used [0x00000000c0000000,0x00000000c3cc5cd8,0x00000000c5580000)
 Metaspace       used 8400K, capacity 8504K, committed 8576K, reserved 1056768K
  class space    used 796K, capacity 851K, committed 896K, reserved 1048576K
}

