# JRE version: Java(TM) SE Runtime Environment (8.0_60-b27) (build 1.8.0_60-b27)
# Java VM: Java HotSpot(TM) 64-Bit Server VM (25.60-b23 mixed mode windows-amd64 compressed oops)
Heap:
 PSYoungGen      total 232960K, used 94297K [0x00000000eab00000, 0x0000000100000000, 0x0000000100000000)
  eden space 116736K, 80% used [0x00000000eab00000,0x00000000f0716630,0x00000000f1d00000)
  from space 116224K, 0% used [0x00000000f8e80000,0x00000000f8e80000,0x0000000100000000)
  to   space 116224K, 0% used [0x00000000f1d00000,0x00000000f1d00000,0x00000000f8e80000)
 ParOldGen       total 567296K, used 288985K [0x00000000c0000000, 0x00000000e2a00000, 0x00000000eab00000)
  object space 567296K, 50% used [0x00000000c0000000,0x00000000d1a365f0,0x00000000e2a00000)
 Metaspace       used 6484K, capacity 7256K, committed 7424K, reserved 1056768K
  class space    used 616K, capacity 656K, committed 768K, reserved 1048576K
GC Heap History (10 events):
Event: 79.434 GC heap before
{Heap before GC invocations=16 (full 3):
 PSYoungGen      total 238080K, used 142049K [0x00000000eab00000, 0x0000000100000000, 0x0000000100000000)
  eden space 123904K, 100% used [0x00000000eab00000,0x00000000f2400000,0x00000000f2400000)
  from space 114176K, 15% used [0x00000000f9080000,0x00000000fa238430,0x0000000100000000)
  to   space 111104K, 0% used [0x00000000f2400000,0x00000000f2400000,0x00000000f9080000)
 ParOldGen       total 407552K, used 199376K [0x00000000c0000000, 0x00000000d8e00000, 0x00000000eab00000)
  object space 407552K, 48% used [0x00000000c0000000,0x00000000cc2b4208,0x00000000d8e00000)
 Metaspace       used 6385K, capacity 7256K, committed 7424K, reserved 1056768K
  class space    used 612K, capacity 656K, committed 768K, reserved 1048576K
Event: 80.258 GC heap after
Heap after GC invocations=16 (full 3):
 PSYoungGen      total 235008K, used 67137K [0x00000000eab00000, 0x0000000100000000, 0x0000000100000000)
  eden space 123904K, 0% used [0x00000000eab00000,0x00000000eab00000,0x00000000f2400000)
  from space 111104K, 60% used [0x00000000f2400000,0x00000000f6590678,0x00000000f9080000)
  to   space 114176K, 0% used [0x00000000f9080000,0x00000000f9080000,0x0000000100000000)
 ParOldGen       total 407552K, used 199376K [0x00000000c0000000, 0x00000000d8e00000, 0x00000000eab00000)
  object space 407552K, 48% used [0x00000000c0000000,0x00000000cc2b4208,0x00000000d8e00000)
 Metaspace       used 6385K, capacity 7256K, committed 7424K, reserved 1056768K
  class space    used 612K, capacity 656K, committed 768K, reserved 1048576K
}
Event: 81.235 GC heap before
{Heap before GC invocations=17 (full 3):
 PSYoungGen      total 235008K, used 191041K [0x00000000eab00000, 0x0000000100000000, 0x0000000100000000)
  eden space 123904K, 100% used [0x00000000eab00000,0x00000000f2400000,0x00000000f2400000)
  from space 111104K, 60% used [0x00000000f2400000,0x00000000f6590678,0x00000000f9080000)
  to   space 114176K, 0% used [0x00000000f9080000,0x00000000f9080000,0x0000000100000000)
 ParOldGen       total 407552K, used 199376K [0x00000000c0000000, 0x00000000d8e00000, 0x00000000eab00000)
  object space 407552K, 48% used [0x00000000c0000000,0x00000000cc2b4208,0x00000000d8e00000)
 Metaspace       used 6385K, capacity 7256K, committed 7424K, reserved 1056768K
  class space    used 612K, capacity 656K, committed 768K, reserved 1048576K
Event: 86.768 GC heap after
Heap after GC invocations=17 (full 3):
 PSYoungGen      total 230912K, used 114165K [0x00000000eab00000, 0x0000000100000000, 0x0000000100000000)
  eden space 116736K, 0% used [0x00000000eab00000,0x00000000eab00000,0x00000000f1d00000)
  from space 114176K, 99% used [0x00000000f9080000,0x00000000ffffd410,0x0000000100000000)
  to   space 116224K, 0% used [0x00000000f1d00000,0x00000000f1d00000,0x00000000f8e80000)
 ParOldGen       total 407552K, used 226048K [0x00000000c0000000, 0x00000000d8e00000, 0x00000000eab00000)
  object space 407552K, 55% used [0x00000000c0000000,0x00000000cdcc0208,0x00000000d8e00000)
 Metaspace       used 6385K, capacity 7256K, committed 7424K, reserved 1056768K
  class space    used 612K, capacity 656K, committed 768K, reserved 1048576K
}
Event: 88.199 GC heap before
{Heap before GC invocations=18 (full 3):
 PSYoungGen      total 230912K, used 230901K [0x00000000eab00000, 0x0000000100000000, 0x0000000100000000)
  eden space 116736K, 100% used [0x00000000eab00000,0x00000000f1d00000,0x00000000f1d00000)
  from space 114176K, 99% used [0x00000000f9080000,0x00000000ffffd410,0x0000000100000000)
  to   space 116224K, 0% used [0x00000000f1d00000,0x00000000f1d00000,0x00000000f8e80000)
 ParOldGen       total 407552K, used 226048K [0x00000000c0000000, 0x00000000d8e00000, 0x00000000eab00000)
  object space 407552K, 55% used [0x00000000c0000000,0x00000000cdcc0208,0x00000000d8e00000)
 Metaspace       used 6385K, capacity 7256K, committed 7424K, reserved 1056768K
  class space    used 612K, capacity 656K, committed 768K, reserved 1048576K
Event: 89.016 GC heap after
Heap after GC invocations=18 (full 3):
 PSYoungGen      total 232960K, used 116215K [0x00000000eab00000, 0x0000000100000000, 0x0000000100000000)
  eden space 116736K, 0% used [0x00000000eab00000,0x00000000eab00000,0x00000000f1d00000)
  from space 116224K, 99% used [0x00000000f1d00000,0x00000000f8e7de40,0x00000000f8e80000)
  to   space 116224K, 0% used [0x00000000f8e80000,0x00000000f8e80000,0x0000000100000000)
 ParOldGen       total 407552K, used 285932K [0x00000000c0000000, 0x00000000d8e00000, 0x00000000eab00000)
  object space 407552K, 70% used [0x00000000c0000000,0x00000000d173b368,0x00000000d8e00000)
 Metaspace       used 6385K, capacity 7256K, committed 7424K, reserved 1056768K
  class space    used 612K, capacity 656K, committed 768K, reserved 1048576K
}
Event: 90.307 GC heap before
{Heap before GC invocations=19 (full 3):
 PSYoungGen      total 232960K, used 232951K [0x00000000eab00000, 0x0000000100000000, 0x0000000100000000)
  eden space 116736K, 100% used [0x00000000eab00000,0x00000000f1d00000,0x00000000f1d00000)
  from space 116224K, 99% used [0x00000000f1d00000,0x00000000f8e7de40,0x00000000f8e80000)
  to   space 116224K, 0% used [0x00000000f8e80000,0x00000000f8e80000,0x0000000100000000)
 ParOldGen       total 407552K, used 285932K [0x00000000c0000000, 0x00000000d8e00000, 0x00000000eab00000)
  object space 407552K, 70% used [0x00000000c0000000,0x00000000d173b368,0x00000000d8e00000)
 Metaspace       used 6385K, capacity 7256K, committed 7424K, reserved 1056768K
  class space    used 612K, capacity 656K, committed 768K, reserved 1048576K
Event: 90.998 GC heap after
Heap after GC invocations=19 (full 3):
 PSYoungGen      total 232960K, used 47152K [0x00000000eab00000, 0x0000000100000000, 0x0000000100000000)
  eden space 116736K, 0% used [0x00000000eab00000,0x00000000eab00000,0x00000000f1d00000)
  from space 116224K, 40% used [0x00000000f8e80000,0x00000000fbc8c1c0,0x0000000100000000)
  to   space 116224K, 0% used [0x00000000f1d00000,0x00000000f1d00000,0x00000000f8e80000)
 ParOldGen       total 407552K, used 370932K [0x00000000c0000000, 0x00000000d8e00000, 0x00000000eab00000)
  object space 407552K, 91% used [0x00000000c0000000,0x00000000d6a3d0d8,0x00000000d8e00000)
 Metaspace       used 6385K, capacity 7256K, committed 7424K, reserved 1056768K
  class space    used 612K, capacity 656K, committed 768K, reserved 1048576K
}
Event: 90.998 GC heap before
{Heap before GC invocations=20 (full 4):
 PSYoungGen      total 232960K, used 47152K [0x00000000eab00000, 0x0000000100000000, 0x0000000100000000)
  eden space 116736K, 0% used [0x00000000eab00000,0x00000000eab00000,0x00000000f1d00000)
  from space 116224K, 40% used [0x00000000f8e80000,0x00000000fbc8c1c0,0x0000000100000000)
  to   space 116224K, 0% used [0x00000000f1d00000,0x00000000f1d00000,0x00000000f8e80000)
 ParOldGen       total 407552K, used 370932K [0x00000000c0000000, 0x00000000d8e00000, 0x00000000eab00000)
  object space 407552K, 91% used [0x00000000c0000000,0x00000000d6a3d0d8,0x00000000d8e00000)
 Metaspace       used 6385K, capacity 7256K, committed 7424K, reserved 1056768K
  class space    used 612K, capacity 656K, committed 768K, reserved 1048576K
Event: 105.928 GC heap after
Heap after GC invocations=20 (full 4):
 PSYoungGen      total 232960K, used 0K [0x00000000eab00000, 0x0000000100000000, 0x0000000100000000)
  eden space 116736K, 0% used [0x00000000eab00000,0x00000000eab00000,0x00000000f1d00000)
  from space 116224K, 0% used [0x00000000f8e80000,0x00000000f8e80000,0x0000000100000000)
  to   space 116224K, 0% used [0x00000000f1d00000,0x00000000f1d00000,0x00000000f8e80000)
 ParOldGen       total 567296K, used 288985K [0x00000000c0000000, 0x00000000e2a00000, 0x00000000eab00000)
  object space 567296K, 50% used [0x00000000c0000000,0x00000000d1a365f0,0x00000000e2a00000)
 Metaspace       used 6385K, capacity 7256K, committed 7424K, reserved 1056768K
  class space    used 612K, capacity 656K, committed 768K, reserved 1048576K
}

